<?xml version="1.0" encoding="UTF-8"?>
<!-- Generated by org.testng.reporters.JUnitReportReporter -->
<testsuite hostname="DESKTOP-20G0H2Q" failures="0" tests="5" name="simpleBook.SimpleBookTest" time="10.677" errors="0" timestamp="2023-12-27T15:47:49 IST" skipped="0">
  <testcase classname="simpleBook.SimpleBookTest" name="authenticate" time="4.202"/>
  <testcase classname="simpleBook.SimpleBookTest" name="submitanOrder" time="1.793"/>
  <testcase classname="simpleBook.SimpleBookTest" name="getAllOrder" time="1.567"/>
  <testcase classname="simpleBook.SimpleBookTest" name="updateAnOrder" time="1.415"/>
  <testcase classname="simpleBook.SimpleBookTest" name="delete" time="1.700"/>
</testsuite> <!-- simpleBook.SimpleBookTest -->
